<?xml version="1.0" encoding="UTF-8"?>
<testsuite xmlns:xsi="http://www.w3.org/2001/XMLSchema-instance" xsi:noNamespaceSchemaLocation="https://maven.apache.org/surefire/maven-surefire-plugin/xsd/surefire-test-report.xsd" name="io.jenkins.pipeline.sample.TestSharedLibrary" time="1.525" tests="1" errors="0" skipped="0" failures="0">
  <properties>
    <property name="awt.toolkit" value="sun.awt.X11.XToolkit"/>
    <property name="file.encoding.pkg" value="sun.io"/>
    <property name="java.specification.version" value="1.8"/>
    <property name="sun.cpu.isalist" value=""/>
    <property name="sun.jnu.encoding" value="UTF-8"/>
    <property name="java.class.path" value="/home/madi238/CS498/demo-plugin/unit-tests/target/test-classes:/home/madi238/CS498/demo-plugin/unit-tests/target/classes:/home/madi238/.m2/repository/org/codehaus/groovy/groovy-all/2.4.3/groovy-all-2.4.3.jar:/home/madi238/.m2/repository/junit/junit/4.12/junit-4.12.jar:/home/madi238/.m2/repository/org/hamcrest/hamcrest-core/1.3/hamcrest-core-1.3.jar:/home/madi238/.m2/repository/com/lesfurets/jenkins-pipeline-unit/1.1/jenkins-pipeline-unit-1.1.jar:/home/madi238/.m2/repository/com/cloudbees/groovy-cps/1.12/groovy-cps-1.12.jar:/home/madi238/.m2/repository/com/google/guava/guava/11.0.1/guava-11.0.1.jar:/home/madi238/.m2/repository/com/google/code/findbugs/jsr305/1.3.9/jsr305-1.3.9.jar:/home/madi238/.m2/repository/commons-io/commons-io/2.5/commons-io-2.5.jar:/home/madi238/.m2/repository/org/apache/ivy/ivy/2.4.0/ivy-2.4.0.jar:/home/madi238/.m2/repository/org/assertj/assertj-core/3.4.1/assertj-core-3.4.1.jar:"/>
    <property name="java.vm.vendor" value="Oracle Corporation"/>
    <property name="sun.arch.data.model" value="64"/>
    <property name="java.vendor.url" value="http://java.oracle.com/"/>
    <property name="user.timezone" value=""/>
    <property name="java.vm.specification.version" value="1.8"/>
    <property name="os.name" value="Linux"/>
    <property name="user.country" value="US"/>
    <property name="sun.java.launcher" value="SUN_STANDARD"/>
    <property name="sun.boot.library.path" value="/usr/lib/jvm/java-8-openjdk-amd64/jre/lib/amd64"/>
    <property name="sun.java.command" value="/home/madi238/CS498/demo-plugin/unit-tests/target/surefire/surefirebooter9069217150418397496.jar /home/madi238/CS498/demo-plugin/unit-tests/target/surefire 2018-04-24T11-30-04_770-jvmRun1 surefire853784897740066560tmp surefire_04324059923356198482tmp"/>
    <property name="surefire.test.class.path" value="/home/madi238/CS498/demo-plugin/unit-tests/target/test-classes:/home/madi238/CS498/demo-plugin/unit-tests/target/classes:/home/madi238/.m2/repository/org/codehaus/groovy/groovy-all/2.4.3/groovy-all-2.4.3.jar:/home/madi238/.m2/repository/junit/junit/4.12/junit-4.12.jar:/home/madi238/.m2/repository/org/hamcrest/hamcrest-core/1.3/hamcrest-core-1.3.jar:/home/madi238/.m2/repository/com/lesfurets/jenkins-pipeline-unit/1.1/jenkins-pipeline-unit-1.1.jar:/home/madi238/.m2/repository/com/cloudbees/groovy-cps/1.12/groovy-cps-1.12.jar:/home/madi238/.m2/repository/com/google/guava/guava/11.0.1/guava-11.0.1.jar:/home/madi238/.m2/repository/com/google/code/findbugs/jsr305/1.3.9/jsr305-1.3.9.jar:/home/madi238/.m2/repository/commons-io/commons-io/2.5/commons-io-2.5.jar:/home/madi238/.m2/repository/org/apache/ivy/ivy/2.4.0/ivy-2.4.0.jar:/home/madi238/.m2/repository/org/assertj/assertj-core/3.4.1/assertj-core-3.4.1.jar:"/>
    <property name="sun.cpu.endian" value="little"/>
    <property name="user.home" value="/home/madi238"/>
    <property name="user.language" value="en"/>
    <property name="java.specification.vendor" value="Oracle Corporation"/>
    <property name="java.home" value="/usr/lib/jvm/java-8-openjdk-amd64/jre"/>
    <property name="basedir" value="/home/madi238/CS498/demo-plugin/unit-tests"/>
    <property name="file.separator" value="/"/>
    <property name="line.separator" value="&#10;"/>
    <property name="java.vm.specification.vendor" value="Oracle Corporation"/>
    <property name="java.specification.name" value="Java Platform API Specification"/>
    <property name="java.awt.graphicsenv" value="sun.awt.X11GraphicsEnvironment"/>
    <property name="surefire.real.class.path" value="/home/madi238/CS498/demo-plugin/unit-tests/target/surefire/surefirebooter9069217150418397496.jar"/>
    <property name="sun.boot.class.path" value="/usr/lib/jvm/java-8-openjdk-amd64/jre/lib/resources.jar:/usr/lib/jvm/java-8-openjdk-amd64/jre/lib/rt.jar:/usr/lib/jvm/java-8-openjdk-amd64/jre/lib/sunrsasign.jar:/usr/lib/jvm/java-8-openjdk-amd64/jre/lib/jsse.jar:/usr/lib/jvm/java-8-openjdk-amd64/jre/lib/jce.jar:/usr/lib/jvm/java-8-openjdk-amd64/jre/lib/charsets.jar:/usr/lib/jvm/java-8-openjdk-amd64/jre/lib/jfr.jar:/usr/lib/jvm/java-8-openjdk-amd64/jre/classes"/>
    <property name="sun.management.compiler" value="HotSpot 64-Bit Tiered Compilers"/>
    <property name="java.runtime.version" value="1.8.0_151-8u151-b12-0ubuntu0.16.04.2-b12"/>
    <property name="user.name" value="madi238"/>
    <property name="path.separator" value=":"/>
    <property name="os.version" value="4.4.0-104-generic"/>
    <property name="java.endorsed.dirs" value="/usr/lib/jvm/java-8-openjdk-amd64/jre/lib/endorsed"/>
    <property name="java.runtime.name" value="OpenJDK Runtime Environment"/>
    <property name="file.encoding" value="UTF-8"/>
    <property name="java.vm.name" value="OpenJDK 64-Bit Server VM"/>
    <property name="localRepository" value="/home/madi238/.m2/repository"/>
    <property name="java.vendor.url.bug" value="http://bugreport.sun.com/bugreport/"/>
    <property name="java.io.tmpdir" value="/tmp"/>
    <property name="java.version" value="1.8.0_151"/>
    <property name="user.dir" value="/home/madi238/CS498/demo-plugin/unit-tests"/>
    <property name="os.arch" value="amd64"/>
    <property name="java.vm.specification.name" value="Java Virtual Machine Specification"/>
    <property name="java.awt.printerjob" value="sun.print.PSPrinterJob"/>
    <property name="sun.os.patch.level" value="unknown"/>
    <property name="java.library.path" value="/usr/java/packages/lib/amd64:/usr/lib/x86_64-linux-gnu/jni:/lib/x86_64-linux-gnu:/usr/lib/x86_64-linux-gnu:/usr/lib/jni:/lib:/usr/lib"/>
    <property name="java.vm.info" value="mixed mode"/>
    <property name="java.vendor" value="Oracle Corporation"/>
    <property name="java.vm.version" value="25.151-b12"/>
    <property name="java.ext.dirs" value="/usr/lib/jvm/java-8-openjdk-amd64/jre/lib/ext:/usr/java/packages/lib/ext"/>
    <property name="sun.io.unicode.encoding" value="UnicodeLittle"/>
    <property name="java.class.version" value="52.0"/>
  </properties>
  <testcase name="library_annotation" classname="io.jenkins.pipeline.sample.TestSharedLibrary" time="0.941"/>
</testsuite>